[debug] [2025-02-23T06:12:45.069Z] ----------------------------------------------------------------------
[debug] [2025-02-23T06:12:45.071Z] Command:       C:\Program Files\nodejs\node.exe C:\Program Files\nodejs\node_modules\firebase-tools\lib\bin\firebase.js init
[debug] [2025-02-23T06:12:45.071Z] CLI Version:   13.28.0
[debug] [2025-02-23T06:12:45.072Z] Platform:      win32
[debug] [2025-02-23T06:12:45.072Z] Node Version:  v18.20.4
[debug] [2025-02-23T06:12:45.072Z] Time:          Sun Feb 23 2025 03:12:45 GMT-0300 (hora estándar de Argentina)
[debug] [2025-02-23T06:12:45.073Z] ----------------------------------------------------------------------
[debug] 
[debug] [2025-02-23T06:12:45.136Z] > command requires scopes: ["email","openid","https://www.googleapis.com/auth/cloudplatformprojects.readonly","https://www.googleapis.com/auth/firebase","https://www.googleapis.com/auth/cloud-platform"]
[debug] [2025-02-23T06:12:45.137Z] > authorizing via signed-in user (ignaciolances24@gmail.com)
[info] 
     ######## #### ########  ######## ########     ###     ######  ########
     ##        ##  ##     ## ##       ##     ##  ##   ##  ##       ##
     ######    ##  ########  ######   ########  #########  ######  ######
     ##        ##  ##    ##  ##       ##     ## ##     ##       ## ##
     ##       #### ##     ## ######## ########  ##     ##  ######  ########

You're about to initialize a Firebase project in this directory:

  C:\Users\ignac\Documents\hackacode\climedar-front\climedar

Before we get started, keep in mind:

  * You are initializing within an existing Firebase project directory

